\BOOKMARK [1][-]{section.1}{\376\377\000\064\000\061\000\002\000\\000\002\000\\000\005\000\}{}% 1
\BOOKMARK [1][-]{section.2}{\376\377\000\005\000\\000\000\000\143\000\005\000\\000\002\000\072\000\002\000\350}{}% 2
\BOOKMARK [2][-]{subsection.2.1}{\376\377\000\067\000\063}{section.2}% 3
\BOOKMARK [3][-]{subsubsection.2.1.1}{\376\377\000\002\000\}{subsection.2.1}% 4
\BOOKMARK [3][-]{subsubsection.2.1.2}{\376\377\000\067\000\063\000\065\000\067\000\002\000\}{subsection.2.1}% 5
\BOOKMARK [3][-]{subsubsection.2.1.3}{\376\377\000\067\000\063\000\067\000\065\000\002\000\275\000\004\000\357\000\005\000\055\000\000\000\}{subsection.2.1}% 6
\BOOKMARK [3][-]{subsubsection.2.1.4}{\376\377\000\005\000\\000\000\000\143\000\005\000\\000\002\000\072\000\002\000\350\000\005\000\273\000\005\000\}{subsection.2.1}% 7
\BOOKMARK [2][-]{subsection.2.2}{\376\377\000\002\000\257\000\002\000\}{section.2}% 8
\BOOKMARK [3][-]{subsubsection.2.2.1}{\376\377\000\002\000\}{subsection.2.2}% 9
\BOOKMARK [3][-]{subsubsection.2.2.2}{\376\377\000\002\000\257\000\002\000\}{subsection.2.2}% 10
\BOOKMARK [3][-]{subsubsection.2.2.3}{\376\377\000\002\000\257\000\002\000\\000\004\000\357\000\005\000\055\000\000\000\}{subsection.2.2}% 11
\BOOKMARK [3][-]{subsubsection.2.2.4}{\376\377\000\005\000\\000\000\000\143\000\005\000\\000\002\000\072\000\002\000\350\000\005\000\\000\002\000\257\000\002\000\\000\002\000\\000\005\000\}{subsection.2.2}% 12
\BOOKMARK [2][-]{subsection.2.3}{\376\377\000\003\000\054\000\004\000\}{section.2}% 13
\BOOKMARK [3][-]{subsubsection.2.3.1}{\376\377\000\002\000\}{subsection.2.3}% 14
\BOOKMARK [3][-]{subsubsection.2.3.2}{\376\377\000\005\000\055\000\000\000\}{subsection.2.3}% 15
\BOOKMARK [3][-]{subsubsection.2.3.3}{\376\377\000\003\000\054\000\004\000\\000\004\000\357\000\005\000\055\000\000\000\}{subsection.2.3}% 16
\BOOKMARK [3][-]{subsubsection.2.3.4}{\376\377\000\005\000\\000\000\000\143\000\005\000\\000\002\000\072\000\002\000\350\000\005\000\\000\003\000\054\000\004\000\\000\005\000\}{subsection.2.3}% 17
\BOOKMARK [2][-]{subsection.2.4}{\376\377\000\004\000\\000\000\000\065\000\004\000\\000\004\000\}{section.2}% 18
\BOOKMARK [3][-]{subsubsection.2.4.1}{\376\377\000\002\000\}{subsection.2.4}% 19
\BOOKMARK [3][-]{subsubsection.2.4.2}{\376\377\000\005\000\055\000\000\000\}{subsection.2.4}% 20
\BOOKMARK [3][-]{subsubsection.2.4.3}{\376\377\000\002\000\\000\005\000\074\000\002\000\\000\003\000\}{subsection.2.4}% 21
\BOOKMARK [3][-]{subsubsection.2.4.4}{\376\377\000\004\000\\000\000\000\065\000\004\000\\000\004\000\257\000\002\000\}{subsection.2.4}% 22
\BOOKMARK [3][-]{subsubsection.2.4.5}{\376\377\000\004\000\\000\000\000\065\000\004\000\\000\004\000\\000\004\000\357\000\005\000\055\000\000\000\}{subsection.2.4}% 23
\BOOKMARK [3][-]{subsubsection.2.4.6}{\376\377\000\005\000\\000\000\000\143\000\005\000\\000\002\000\072\000\002\000\350\000\005\000\\000\004\000\\000\000\000\065\000\004\000\\000\004\000\\000\005\000\}{subsection.2.4}% 24
\BOOKMARK [2][-]{subsection.2.5}{\376\377\000\067\000\060\000\005\000\\000\004\000\357\000\002\000\061\000\003\000\}{section.2}% 25
\BOOKMARK [1][-]{section.3}{\376\377\000\005\000\\000\000\000\143\000\005\000\\000\002\000\072\000\002\000\350\000\005\000\057\000\003\000\054\000\003\000\\000\003\000\\000\005\000\\000\004\000\346\000\004\000\}{}% 26
\BOOKMARK [2][-]{subsection.3.1}{\376\377\000\003\000\\000\003\000\\000\002\000\}{section.3}% 27
\BOOKMARK [2][-]{subsection.3.2}{\376\377\000\004\000\357\000\003\000\054\000\003\000\\000\003\000\\000\001\000\}{section.3}% 28
\BOOKMARK [2][-]{subsection.3.3}{\376\377\000\004\000\\000\000\000\065\000\004\000\\000\004\000\\000\005\000\057\000\003\000\054\000\003\000\\000\003\000\\000\001\000\\000\005\000\\000\005\000\\000\004\000\}{section.3}% 29
\BOOKMARK [2][-]{subsection.3.4}{\376\377}{section.3}% 30
\BOOKMARK [3][-]{subsubsection.3.4.1}{\376\377\000\002\000\\000\005\000\}{subsection.3.4}% 31
\BOOKMARK [3][-]{subsubsection.3.4.2}{\376\377\000\001\000\077\000\003\000\\000\003\000\}{subsection.3.4}% 32
\BOOKMARK [3][-]{subsubsection.3.4.3}{\376\377}{subsection.3.4}% 33
\BOOKMARK [1][-]{section.4}{\376\377\000\067\000\064\000\003\000\\000\003\000\}{}% 34
